0 info it worked if it ends with ok
1 verbose cli [ 'node', '/usr/local/bin/npm', 'install' ]
2 info using npm@2.1.7
3 info using node@v0.10.31
4 verbose node symlink /usr/local/bin/node
5 verbose install where, deps [ '/Users/fadie/Desktop/Projects/Makathon-SLICKSTARTER',
5 verbose install   [ 'ejs',
5 verbose install     'ejs-layouts',
5 verbose install     'mysql',
5 verbose install     'sequelize',
5 verbose install     'body-parser',
5 verbose install     'debug',
5 verbose install     'express',
5 verbose install     'jade',
5 verbose install     'sequelize-cli',
5 verbose install     'serve-favicon',
5 verbose install     'sqlite3',
5 verbose install     'mongodb',
5 verbose install     'zombie',
5 verbose install     'chai' ] ]
6 verbose install where, peers [ '/Users/fadie/Desktop/Projects/Makathon-SLICKSTARTER', [] ]
7 info preinstall Makathon-SLICKSTARTER@1.0.0
8 silly cache add args [ 'body-parser@*', null ]
9 verbose cache add spec body-parser@*
10 silly cache add args [ 'debug@*', null ]
11 verbose cache add spec debug@*
12 silly cache add args [ 'express@*', null ]
13 verbose cache add spec express@*
14 silly cache add args [ 'jade@*', null ]
15 verbose cache add spec jade@*
16 silly cache add parsed spec { raw: 'body-parser@*',
16 silly cache add   scope: null,
16 silly cache add   name: 'body-parser',
16 silly cache add   rawSpec: '*',
16 silly cache add   spec: '*',
16 silly cache add   type: 'range' }
17 verbose addNamed body-parser@*
18 silly addNamed semver.valid null
19 silly addNamed semver.validRange *
20 silly addNameRange { name: 'body-parser', range: '*', hasData: false }
21 silly mapToRegistry name body-parser
22 silly mapToRegistry using default registry
23 silly mapToRegistry registry https://registry.npmjs.org/
24 silly mapToRegistry uri https://registry.npmjs.org/body-parser
25 verbose addNameRange registry:https://registry.npmjs.org/body-parser not in flight; fetching
26 silly cache add parsed spec { raw: 'debug@*',
26 silly cache add   scope: null,
26 silly cache add   name: 'debug',
26 silly cache add   rawSpec: '*',
26 silly cache add   spec: '*',
26 silly cache add   type: 'range' }
27 verbose addNamed debug@*
28 silly addNamed semver.valid null
29 silly addNamed semver.validRange *
30 silly addNameRange { name: 'debug', range: '*', hasData: false }
31 silly mapToRegistry name debug
32 silly mapToRegistry using default registry
33 silly mapToRegistry registry https://registry.npmjs.org/
34 silly mapToRegistry uri https://registry.npmjs.org/debug
35 verbose addNameRange registry:https://registry.npmjs.org/debug not in flight; fetching
36 silly cache add parsed spec { raw: 'express@*',
36 silly cache add   scope: null,
36 silly cache add   name: 'express',
36 silly cache add   rawSpec: '*',
36 silly cache add   spec: '*',
36 silly cache add   type: 'range' }
37 verbose addNamed express@*
38 silly addNamed semver.valid null
39 silly addNamed semver.validRange *
40 silly addNameRange { name: 'express', range: '*', hasData: false }
41 silly mapToRegistry name express
42 silly mapToRegistry using default registry
43 silly mapToRegistry registry https://registry.npmjs.org/
44 silly mapToRegistry uri https://registry.npmjs.org/express
45 verbose addNameRange registry:https://registry.npmjs.org/express not in flight; fetching
46 silly cache add args [ 'sequelize-cli@*', null ]
47 verbose cache add spec sequelize-cli@*
48 silly cache add args [ 'serve-favicon@*', null ]
49 verbose cache add spec serve-favicon@*
50 silly cache add args [ 'sqlite3@^0.3.0', null ]
51 verbose cache add spec sqlite3@^0.3.0
52 verbose already installed skipping mongodb@^1.4.19 /Users/fadie/Desktop/Projects/Makathon-SLICKSTARTER
53 silly cache add parsed spec { raw: 'jade@*',
53 silly cache add   scope: null,
53 silly cache add   name: 'jade',
53 silly cache add   rawSpec: '*',
53 silly cache add   spec: '*',
53 silly cache add   type: 'range' }
54 verbose addNamed jade@*
55 silly addNamed semver.valid null
56 silly addNamed semver.validRange *
57 silly addNameRange { name: 'jade', range: '*', hasData: false }
58 silly mapToRegistry name jade
59 silly mapToRegistry using default registry
60 silly mapToRegistry registry https://registry.npmjs.org/
61 silly mapToRegistry uri https://registry.npmjs.org/jade
62 verbose addNameRange registry:https://registry.npmjs.org/jade not in flight; fetching
63 silly cache add parsed spec { raw: 'sequelize-cli@*',
63 silly cache add   scope: null,
63 silly cache add   name: 'sequelize-cli',
63 silly cache add   rawSpec: '*',
63 silly cache add   spec: '*',
63 silly cache add   type: 'range' }
64 verbose addNamed sequelize-cli@*
65 silly addNamed semver.valid null
66 silly addNamed semver.validRange *
67 silly addNameRange { name: 'sequelize-cli', range: '*', hasData: false }
68 silly mapToRegistry name sequelize-cli
69 silly mapToRegistry using default registry
70 silly mapToRegistry registry https://registry.npmjs.org/
71 silly mapToRegistry uri https://registry.npmjs.org/sequelize-cli
72 verbose addNameRange registry:https://registry.npmjs.org/sequelize-cli not in flight; fetching
73 silly cache add parsed spec { raw: 'serve-favicon@*',
73 silly cache add   scope: null,
73 silly cache add   name: 'serve-favicon',
73 silly cache add   rawSpec: '*',
73 silly cache add   spec: '*',
73 silly cache add   type: 'range' }
74 verbose addNamed serve-favicon@*
75 silly addNamed semver.valid null
76 silly addNamed semver.validRange *
77 silly addNameRange { name: 'serve-favicon', range: '*', hasData: false }
78 silly mapToRegistry name serve-favicon
79 silly mapToRegistry using default registry
80 silly mapToRegistry registry https://registry.npmjs.org/
81 silly mapToRegistry uri https://registry.npmjs.org/serve-favicon
82 verbose addNameRange registry:https://registry.npmjs.org/serve-favicon not in flight; fetching
83 silly cache add parsed spec { raw: 'sqlite3@^0.3.0',
83 silly cache add   scope: null,
83 silly cache add   name: 'sqlite3',
83 silly cache add   rawSpec: '^0.3.0',
83 silly cache add   spec: '>=0.3.0 <0.4.0',
83 silly cache add   type: 'range' }
84 verbose addNamed sqlite3@>=0.3.0 <0.4.0
85 silly addNamed semver.valid null
86 silly addNamed semver.validRange >=0.3.0 <0.4.0
87 silly addNameRange { name: 'sqlite3', range: '>=0.3.0 <0.4.0', hasData: false }
88 silly mapToRegistry name sqlite3
89 silly mapToRegistry using default registry
90 silly mapToRegistry registry https://registry.npmjs.org/
91 silly mapToRegistry uri https://registry.npmjs.org/sqlite3
92 verbose addNameRange registry:https://registry.npmjs.org/sqlite3 not in flight; fetching
93 silly cache add args [ 'zombie@^2.1.1', null ]
94 verbose cache add spec zombie@^2.1.1
95 verbose already installed skipping chai@^1.10.0 /Users/fadie/Desktop/Projects/Makathon-SLICKSTARTER
96 silly cache add parsed spec { raw: 'zombie@^2.1.1',
96 silly cache add   scope: null,
96 silly cache add   name: 'zombie',
96 silly cache add   rawSpec: '^2.1.1',
96 silly cache add   spec: '>=2.1.1 <3.0.0',
96 silly cache add   type: 'range' }
97 verbose addNamed zombie@>=2.1.1 <3.0.0
98 silly addNamed semver.valid null
99 silly addNamed semver.validRange >=2.1.1 <3.0.0
100 silly addNameRange { name: 'zombie', range: '>=2.1.1 <3.0.0', hasData: false }
101 silly mapToRegistry name zombie
102 silly mapToRegistry using default registry
103 silly mapToRegistry registry https://registry.npmjs.org/
104 silly mapToRegistry uri https://registry.npmjs.org/zombie
105 verbose addNameRange registry:https://registry.npmjs.org/zombie not in flight; fetching
106 verbose already installed skipping ejs@^1.0.0 /Users/fadie/Desktop/Projects/Makathon-SLICKSTARTER
107 verbose request uri https://registry.npmjs.org/body-parser
108 verbose request no auth needed
109 info attempt registry request try #1 at 20:34:49
110 verbose request id 67e096186dfd7c2f
111 verbose etag "31NOWALYE5KS8CUXXM9FZZM0H"
112 http request GET https://registry.npmjs.org/body-parser
113 verbose request uri https://registry.npmjs.org/debug
114 verbose request no auth needed
115 info attempt registry request try #1 at 20:34:49
116 verbose etag "6XAF04JEIUAY679NV7GJMKWPQ"
117 http request GET https://registry.npmjs.org/debug
118 verbose already installed skipping ejs-layouts@0.0.1 /Users/fadie/Desktop/Projects/Makathon-SLICKSTARTER
119 verbose already installed skipping mysql@^2.5.3 /Users/fadie/Desktop/Projects/Makathon-SLICKSTARTER
120 verbose already installed skipping sequelize@^2.0.0-rc2 /Users/fadie/Desktop/Projects/Makathon-SLICKSTARTER
121 verbose request uri https://registry.npmjs.org/express
122 verbose request no auth needed
123 info attempt registry request try #1 at 20:34:49
124 verbose etag "D1QVKO32SACPZ4VEGOVVHIZZ5"
125 http request GET https://registry.npmjs.org/express
126 verbose request uri https://registry.npmjs.org/jade
127 verbose request no auth needed
128 info attempt registry request try #1 at 20:34:49
129 verbose etag "QHLPMBXXME56JWDXG4BJV1EZ"
130 http request GET https://registry.npmjs.org/jade
131 verbose request uri https://registry.npmjs.org/serve-favicon
132 verbose request no auth needed
133 info attempt registry request try #1 at 20:34:49
134 verbose etag "DQNCEOV1TU804V1DNRWACLPFP"
135 http request GET https://registry.npmjs.org/serve-favicon
136 verbose request uri https://registry.npmjs.org/sequelize-cli
137 verbose request no auth needed
138 info attempt registry request try #1 at 20:34:49
139 verbose etag "3RUKRIL7I9BIUKBSCCBKDJROX"
140 http request GET https://registry.npmjs.org/sequelize-cli
141 verbose request uri https://registry.npmjs.org/sqlite3
142 verbose request no auth needed
143 info attempt registry request try #1 at 20:34:49
144 verbose etag "8AK3MIJV8C1530W7E5ADMM967"
145 http request GET https://registry.npmjs.org/sqlite3
146 verbose request uri https://registry.npmjs.org/zombie
147 verbose request no auth needed
148 info attempt registry request try #1 at 20:34:49
149 verbose etag "B2VOCF89NT750A25I17QX1Q8V"
150 http request GET https://registry.npmjs.org/zombie
151 http 304 https://registry.npmjs.org/serve-favicon
152 silly get cb [ 304,
152 silly get   { date: 'Wed, 12 Nov 2014 20:34:49 GMT',
152 silly get     server: 'Apache',
152 silly get     via: '1.1 varnish',
152 silly get     'last-modified': 'Wed, 12 Nov 2014 20:34:49 GMT',
152 silly get     'cache-control': 'max-age=60',
152 silly get     etag: '"DQNCEOV1TU804V1DNRWACLPFP"',
152 silly get     age: '4',
152 silly get     'x-served-by': 'cache-fra1242-FRA',
152 silly get     'x-cache': 'HIT',
152 silly get     'x-cache-hits': '1',
152 silly get     'x-timer': 'S1415824489.705149,VS0,VE0',
152 silly get     vary: 'Accept',
152 silly get     'content-length': '0',
152 silly get     'keep-alive': 'timeout=10, max=50',
152 silly get     connection: 'Keep-Alive' } ]
153 verbose etag https://registry.npmjs.org/serve-favicon from cache
154 http 304 https://registry.npmjs.org/jade
155 silly get cb [ 304,
155 silly get   { date: 'Wed, 12 Nov 2014 20:34:49 GMT',
155 silly get     server: 'Apache',
155 silly get     via: '1.1 varnish',
155 silly get     'last-modified': 'Wed, 12 Nov 2014 20:34:49 GMT',
155 silly get     'cache-control': 'max-age=60',
155 silly get     etag: '"QHLPMBXXME56JWDXG4BJV1EZ"',
155 silly get     age: '55',
155 silly get     'x-served-by': 'cache-fra1237-FRA',
155 silly get     'x-cache': 'HIT',
155 silly get     'x-cache-hits': '1',
155 silly get     'x-timer': 'S1415824489.718621,VS0,VE0',
155 silly get     vary: 'Accept',
155 silly get     'content-length': '0',
155 silly get     'keep-alive': 'timeout=10, max=50',
155 silly get     connection: 'Keep-Alive' } ]
156 verbose etag https://registry.npmjs.org/jade from cache
157 http 304 https://registry.npmjs.org/body-parser
158 silly get cb [ 304,
158 silly get   { date: 'Wed, 12 Nov 2014 20:34:49 GMT',
158 silly get     server: 'Apache',
158 silly get     via: '1.1 varnish',
158 silly get     'last-modified': 'Wed, 12 Nov 2014 20:34:49 GMT',
158 silly get     'cache-control': 'max-age=60',
158 silly get     etag: '"31NOWALYE5KS8CUXXM9FZZM0H"',
158 silly get     age: '2',
158 silly get     'x-served-by': 'cache-fra1243-FRA',
158 silly get     'x-cache': 'HIT',
158 silly get     'x-cache-hits': '1',
158 silly get     'x-timer': 'S1415824489.706706,VS0,VE0',
158 silly get     vary: 'Accept',
158 silly get     'content-length': '0',
158 silly get     'keep-alive': 'timeout=10, max=50',
158 silly get     connection: 'Keep-Alive' } ]
159 verbose etag https://registry.npmjs.org/body-parser from cache
160 silly addNameRange number 2 { name: 'serve-favicon', range: '*', hasData: true }
161 silly addNameRange versions [ 'serve-favicon',
161 silly addNameRange   [ '2.0.0',
161 silly addNameRange     '2.0.1',
161 silly addNameRange     '2.1.0',
161 silly addNameRange     '2.1.1',
161 silly addNameRange     '2.1.2',
161 silly addNameRange     '2.1.3',
161 silly addNameRange     '2.1.4',
161 silly addNameRange     '2.1.5',
161 silly addNameRange     '2.1.6' ] ]
162 verbose addNamed serve-favicon@2.1.6
163 silly addNamed semver.valid 2.1.6
164 silly addNamed semver.validRange 2.1.6
165 silly addNameRange number 2 { name: 'body-parser', range: '*', hasData: true }
166 silly addNameRange versions [ 'body-parser',
166 silly addNameRange   [ '1.0.0',
166 silly addNameRange     '1.0.1',
166 silly addNameRange     '1.0.2',
166 silly addNameRange     '1.1.0',
166 silly addNameRange     '1.1.1',
166 silly addNameRange     '1.1.2',
166 silly addNameRange     '1.2.0',
166 silly addNameRange     '1.2.1',
166 silly addNameRange     '1.2.2',
166 silly addNameRange     '1.3.0',
166 silly addNameRange     '1.3.1',
166 silly addNameRange     '1.4.0',
166 silly addNameRange     '1.4.1',
166 silly addNameRange     '1.4.2',
166 silly addNameRange     '1.4.3',
166 silly addNameRange     '1.5.0',
166 silly addNameRange     '1.5.1',
166 silly addNameRange     '1.5.2',
166 silly addNameRange     '1.6.0',
166 silly addNameRange     '1.6.1',
166 silly addNameRange     '1.6.2',
166 silly addNameRange     '1.6.3',
166 silly addNameRange     '1.6.4',
166 silly addNameRange     '1.6.5',
166 silly addNameRange     '1.6.6',
166 silly addNameRange     '1.6.7',
166 silly addNameRange     '1.7.0',
166 silly addNameRange     '1.8.0',
166 silly addNameRange     '1.8.1',
166 silly addNameRange     '1.8.2',
166 silly addNameRange     '1.8.3',
166 silly addNameRange     '1.8.4',
166 silly addNameRange     '1.9.0',
166 silly addNameRange     '1.9.1',
166 silly addNameRange     '1.9.2' ] ]
167 verbose addNamed body-parser@1.9.2
168 silly addNamed semver.valid 1.9.2
169 silly addNamed semver.validRange 1.9.2
170 silly addNameRange number 2 { name: 'jade', range: '*', hasData: true }
171 silly addNameRange versions [ 'jade',
171 silly addNameRange   [ '0.0.1',
171 silly addNameRange     '0.0.2',
171 silly addNameRange     '0.1.0',
171 silly addNameRange     '0.2.0',
171 silly addNameRange     '0.2.1',
171 silly addNameRange     '0.2.2',
171 silly addNameRange     '0.2.3',
171 silly addNameRange     '0.2.4',
171 silly addNameRange     '0.3.0',
171 silly addNameRange     '0.4.0',
171 silly addNameRange     '0.4.1',
171 silly addNameRange     '0.5.0',
171 silly addNameRange     '0.5.1',
171 silly addNameRange     '0.5.2',
171 silly addNameRange     '0.5.3',
171 silly addNameRange     '0.5.4',
171 silly addNameRange     '0.5.5',
171 silly addNameRange     '0.5.6',
171 silly addNameRange     '0.5.7',
171 silly addNameRange     '0.6.0',
171 silly addNameRange     '0.6.1',
171 silly addNameRange     '0.6.3',
171 silly addNameRange     '0.7.0',
171 silly addNameRange     '0.7.1',
171 silly addNameRange     '0.8.0',
171 silly addNameRange     '0.8.1',
171 silly addNameRange     '0.8.2',
171 silly addNameRange     '0.8.3',
171 silly addNameRange     '0.8.4',
171 silly addNameRange     '0.8.5',
171 silly addNameRange     '0.8.6',
171 silly addNameRange     '0.8.7',
171 silly addNameRange     '0.8.8',
171 silly addNameRange     '0.8.9',
171 silly addNameRange     '0.9.0',
171 silly addNameRange     '0.9.1',
171 silly addNameRange     '0.9.2',
171 silly addNameRange     '0.9.3',
171 silly addNameRange     '0.10.0',
171 silly addNameRange     '0.10.1',
171 silly addNameRange     '0.10.2',
171 silly addNameRange     '0.10.3',
171 silly addNameRange     '0.10.4',
171 silly addNameRange     '0.10.5',
171 silly addNameRange     '0.10.6',
171 silly addNameRange     '0.10.7',
171 silly addNameRange     '0.11.0',
171 silly addNameRange     '0.11.1',
171 silly addNameRange     '0.12.0',
171 silly addNameRange     '0.12.1',
171 silly addNameRange     '0.12.2',
171 silly addNameRange     '0.12.3',
171 silly addNameRange     '0.12.4',
171 silly addNameRange     '0.13.0',
171 silly addNameRange     '0.14.0',
171 silly addNameRange     '0.14.1',
171 silly addNameRange     '0.14.2',
171 silly addNameRange     '0.15.0',
171 silly addNameRange     '0.15.1',
171 silly addNameRange     '0.15.2',
171 silly addNameRange     '0.15.3',
171 silly addNameRange     '0.15.4',
171 silly addNameRange     '0.16.0',
171 silly addNameRange     '0.16.1',
171 silly addNameRange     '0.16.2',
171 silly addNameRange     '0.16.3',
171 silly addNameRange     '0.16.4',
171 silly addNameRange     '0.17.0',
171 silly addNameRange     '0.18.0',
171 silly addNameRange     '0.19.0',
171 silly addNameRange     '0.20.0',
171 silly addNameRange     '0.20.1',
171 silly addNameRange     '0.20.2',
171 silly addNameRange     '0.20.3',
171 silly addNameRange     '0.21.0',
171 silly addNameRange     '0.22.0',
171 silly addNameRange     '0.22.1',
171 silly addNameRange     '0.23.0',
171 silly addNameRange     '0.24.0',
171 silly addNameRange     '0.25.0',
171 silly addNameRange     '0.26.0',
171 silly addNameRange     '0.26.1',
171 silly addNameRange     '0.26.2',
171 silly addNameRange     '0.26.3',
171 silly addNameRange     '0.27.0',
171 silly addNameRange     '0.27.1',
171 silly addNameRange     '0.27.2',
171 silly addNameRange     '0.27.3',
171 silly addNameRange     '0.27.4',
171 silly addNameRange     '0.27.5',
171 silly addNameRange     '0.27.6',
171 silly addNameRange     '0.27.7',
171 silly addNameRange     '0.28.0',
171 silly addNameRange     '0.28.1',
171 silly addNameRange     '0.28.2',
171 silly addNameRange     '0.29.0',
171 silly addNameRange     '0.30.0',
171 silly addNameRange     '0.31.0',
171 silly addNameRange     '0.31.1',
171 silly addNameRange     '0.31.2',
171 silly addNameRange     '0.32.0',
171 silly addNameRange     '0.33.0',
171 silly addNameRange     '0.34.0',
171 silly addNameRange     '0.34.1',
171 silly addNameRange     '0.35.0',
171 silly addNameRange     '1.0.0',
171 silly addNameRange     '1.0.1',
171 silly addNameRange     '1.0.2',
171 silly addNameRange     '1.1.0',
171 silly addNameRange     '1.1.1',
171 silly addNameRange     '1.1.2',
171 silly addNameRange     '1.1.3',
171 silly addNameRange     '1.1.4',
171 silly addNameRange     '1.1.5',
171 silly addNameRange     '1.2.0',
171 silly addNameRange     '1.3.0',
171 silly addNameRange     '1.3.1',
171 silly addNameRange     '1.4.0',
171 silly addNameRange     '1.4.1',
171 silly addNameRange     '1.4.2',
171 silly addNameRange     '1.5.0',
171 silly addNameRange     '1.6.0',
171 silly addNameRange     '1.7.0' ] ]
172 verbose addNamed jade@1.7.0
173 silly addNamed semver.valid 1.7.0
174 silly addNamed semver.validRange 1.7.0
175 silly cache afterAdd serve-favicon@2.1.6
176 verbose afterAdd /Users/fadie/.npm/serve-favicon/2.1.6/package/package.json not in flight; writing
177 verbose afterAdd /Users/fadie/.npm/serve-favicon/2.1.6/package/package.json written
178 silly cache afterAdd body-parser@1.9.2
179 verbose afterAdd /Users/fadie/.npm/body-parser/1.9.2/package/package.json not in flight; writing
180 silly cache afterAdd jade@1.7.0
181 verbose afterAdd /Users/fadie/.npm/jade/1.7.0/package/package.json not in flight; writing
182 verbose afterAdd /Users/fadie/.npm/body-parser/1.9.2/package/package.json written
183 verbose afterAdd /Users/fadie/.npm/jade/1.7.0/package/package.json written
184 http 304 https://registry.npmjs.org/sequelize-cli
185 silly get cb [ 304,
185 silly get   { date: 'Wed, 12 Nov 2014 20:34:49 GMT',
185 silly get     server: 'Apache',
185 silly get     via: '1.1 varnish',
185 silly get     'last-modified': 'Wed, 12 Nov 2014 20:34:50 GMT',
185 silly get     'cache-control': 'max-age=60',
185 silly get     etag: '"3RUKRIL7I9BIUKBSCCBKDJROX"',
185 silly get     age: '0',
185 silly get     'x-served-by': 'cache-fra1242-FRA',
185 silly get     'x-cache': 'MISS',
185 silly get     'x-cache-hits': '0',
185 silly get     'x-timer': 'S1415824489.733555,VS0,VE360',
185 silly get     vary: 'Accept',
185 silly get     'content-length': '0',
185 silly get     'keep-alive': 'timeout=10, max=49',
185 silly get     connection: 'Keep-Alive' } ]
186 verbose etag https://registry.npmjs.org/sequelize-cli from cache
187 http 304 https://registry.npmjs.org/express
188 silly get cb [ 304,
188 silly get   { date: 'Wed, 12 Nov 2014 20:34:49 GMT',
188 silly get     server: 'Apache',
188 silly get     via: '1.1 varnish',
188 silly get     'last-modified': 'Wed, 12 Nov 2014 20:34:50 GMT',
188 silly get     'cache-control': 'max-age=60',
188 silly get     etag: '"D1QVKO32SACPZ4VEGOVVHIZZ5"',
188 silly get     age: '0',
188 silly get     'x-served-by': 'cache-fra1241-FRA',
188 silly get     'x-cache': 'HIT',
188 silly get     'x-cache-hits': '1',
188 silly get     'x-timer': 'S1415824489.685769,VS0,VE427',
188 silly get     vary: 'Accept',
188 silly get     'content-length': '0',
188 silly get     'keep-alive': 'timeout=10, max=50',
188 silly get     connection: 'Keep-Alive' } ]
189 verbose etag https://registry.npmjs.org/express from cache
190 http 304 https://registry.npmjs.org/debug
191 silly get cb [ 304,
191 silly get   { date: 'Wed, 12 Nov 2014 20:34:49 GMT',
191 silly get     server: 'Apache',
191 silly get     via: '1.1 varnish',
191 silly get     'last-modified': 'Wed, 12 Nov 2014 20:34:50 GMT',
191 silly get     'cache-control': 'max-age=60',
191 silly get     etag: '"6XAF04JEIUAY679NV7GJMKWPQ"',
191 silly get     age: '0',
191 silly get     'x-served-by': 'cache-fra1248-FRA',
191 silly get     'x-cache': 'HIT',
191 silly get     'x-cache-hits': '1',
191 silly get     'x-timer': 'S1415824489.709495,VS0,VE417',
191 silly get     vary: 'Accept',
191 silly get     'content-length': '0',
191 silly get     'keep-alive': 'timeout=10, max=50',
191 silly get     connection: 'Keep-Alive' } ]
192 verbose etag https://registry.npmjs.org/debug from cache
193 silly addNameRange number 2 { name: 'express', range: '*', hasData: true }
194 silly addNameRange versions [ 'express',
194 silly addNameRange   [ '0.14.0',
194 silly addNameRange     '0.14.1',
194 silly addNameRange     '1.0.0',
194 silly addNameRange     '1.0.1',
194 silly addNameRange     '1.0.2',
194 silly addNameRange     '1.0.3',
194 silly addNameRange     '1.0.4',
194 silly addNameRange     '1.0.5',
194 silly addNameRange     '1.0.6',
194 silly addNameRange     '1.0.7',
194 silly addNameRange     '1.0.8',
194 silly addNameRange     '2.0.0',
194 silly addNameRange     '2.1.0',
194 silly addNameRange     '2.1.1',
194 silly addNameRange     '2.2.0',
194 silly addNameRange     '2.2.1',
194 silly addNameRange     '2.2.2',
194 silly addNameRange     '2.3.0',
194 silly addNameRange     '2.3.1',
194 silly addNameRange     '2.3.2',
194 silly addNameRange     '2.3.3',
194 silly addNameRange     '2.3.4',
194 silly addNameRange     '2.3.5',
194 silly addNameRange     '2.3.6',
194 silly addNameRange     '2.3.7',
194 silly addNameRange     '2.3.8',
194 silly addNameRange     '2.3.9',
194 silly addNameRange     '2.3.10',
194 silly addNameRange     '2.3.11',
194 silly addNameRange     '2.3.12',
194 silly addNameRange     '2.4.0',
194 silly addNameRange     '2.4.1',
194 silly addNameRange     '2.4.2',
194 silly addNameRange     '2.4.3',
194 silly addNameRange     '2.4.4',
194 silly addNameRange     '2.4.5',
194 silly addNameRange     '2.4.6',
194 silly addNameRange     '2.4.7',
194 silly addNameRange     '2.5.0',
194 silly addNameRange     '2.5.1',
194 silly addNameRange     '2.5.2',
194 silly addNameRange     '2.5.3',
194 silly addNameRange     '2.5.4',
194 silly addNameRange     '2.5.5',
194 silly addNameRange     '2.5.6',
194 silly addNameRange     '2.5.7',
194 silly addNameRange     '2.5.8',
194 silly addNameRange     '2.5.9',
194 silly addNameRange     '2.5.10',
194 silly addNameRange     '2.5.11',
194 silly addNameRange     '3.0.0',
194 silly addNameRange     '3.0.1',
194 silly addNameRange     '3.0.2',
194 silly addNameRange     '3.0.3',
194 silly addNameRange     '3.0.4',
194 silly addNameRange     '3.0.5',
194 silly addNameRange     '3.0.6',
194 silly addNameRange     '3.1.0',
194 silly addNameRange     '3.1.1',
194 silly addNameRange     '3.1.2',
194 silly addNameRange     '3.2.0',
194 silly addNameRange     '3.2.1',
194 silly addNameRange     '3.2.2',
194 silly addNameRange     '3.2.3',
194 silly addNameRange     '3.2.4',
194 silly addNameRange     '3.2.5',
194 silly addNameRange     '3.2.6',
194 silly addNameRange     '3.3.0',
194 silly addNameRange     '3.3.1',
194 silly addNameRange     '3.3.2',
194 silly addNameRange     '3.3.3',
194 silly addNameRange     '3.3.4',
194 silly addNameRange     '3.3.5',
194 silly addNameRange     '3.3.6',
194 silly addNameRange     '1.0.0-beta',
194 silly addNameRange     '1.0.0-beta2',
194 silly addNameRange     '1.0.0-rc',
194 silly addNameRange     '1.0.0-rc2',
194 silly addNameRange     '1.0.0-rc3',
194 silly addNameRange     '1.0.0-rc4',
194 silly addNameRange     '2.0.0-beta',
194 silly addNameRange     '2.0.0-beta2',
194 silly addNameRange     '2.0.0-beta3',
194 silly addNameRange     '2.0.0-rc',
194 silly addNameRange     '2.0.0-rc2',
194 silly addNameRange     '2.0.0-rc3',
194 silly addNameRange     '3.0.0-alpha1',
194 silly addNameRange     '3.0.0-alpha2',
194 silly addNameRange     '3.0.0-alpha3',
194 silly addNameRange     '3.0.0-alpha4',
194 silly addNameRange     '3.0.0-alpha5',
194 silly addNameRange     '3.0.0-beta1',
194 silly addNameRange     '3.0.0-beta2',
194 silly addNameRange     '3.0.0-beta3',
194 silly addNameRange     '3.0.0-beta4',
194 silly addNameRange     '3.0.0-beta6',
194 silly addNameRange     '3.0.0-beta7',
194 silly addNameRange     '3.0.0-rc1',
194 silly addNameRange     '3.0.0-rc2',
194 silly addNameRange     '3.0.0-rc3',
194 silly addNameRange     '3.0.0-rc4',
194 silly addNameRange     '3.0.0-rc5',
194 silly addNameRange     '3.3.7',
194 silly addNameRange     '3.3.8',
194 silly addNameRange     '3.4.0',
194 silly addNameRange     '3.4.1',
194 silly addNameRange     '3.4.2',
194 silly addNameRange     '3.4.3',
194 silly addNameRange     '3.4.4',
194 silly addNameRange     '3.4.5',
194 silly addNameRange     '3.4.6',
194 silly addNameRange     '3.4.7',
194 silly addNameRange     '3.4.8',
194 silly addNameRange     '4.0.0-rc1',
194 silly addNameRange     '4.0.0-rc2',
194 silly addNameRange     '3.5.0',
194 silly addNameRange     '4.0.0-rc3',
194 silly addNameRange     '4.0.0-rc4',
194 silly addNameRange     '3.5.1',
194 silly addNameRange     '4.0.0',
194 silly addNameRange     '3.5.2',
194 silly addNameRange     '4.1.0',
194 silly addNameRange     '4.1.1',
194 silly addNameRange     '3.5.3',
194 silly addNameRange     '4.1.2',
194 silly addNameRange     '3.6.0',
194 silly addNameRange     '4.2.0',
194 silly addNameRange     '3.7.0',
194 silly addNameRange     '3.8.0',
194 silly addNameRange     '4.3.0',
194 silly addNameRange     '4.3.1',
194 silly addNameRange     '3.8.1',
194 silly addNameRange     '4.3.2',
194 silly addNameRange     '3.9.0',
194 silly addNameRange     '4.4.0',
194 silly addNameRange     '4.4.1',
194 silly addNameRange     '3.10.0',
194 silly addNameRange     '3.10.1',
194 silly addNameRange     '3.10.2',
194 silly addNameRange     '3.10.3',
194 silly addNameRange     '3.10.4',
194 silly addNameRange     '4.4.2',
194 silly addNameRange     '3.10.5',
194 silly addNameRange     '4.4.3',
194 silly addNameRange     '3.11.0',
194 silly addNameRange     '4.4.4',
194 silly addNameRange     '3.12.0',
194 silly addNameRange     '3.12.1',
194 silly addNameRange     '4.4.5',
194 silly addNameRange     '3.13.0',
194 silly addNameRange     '4.5.0',
194 silly addNameRange     '4.5.1',
194 silly addNameRange     '3.14.0',
194 silly addNameRange     '4.6.0',
194 silly addNameRange     '4.6.1',
194 silly addNameRange     '3.15.0',
194 silly addNameRange     '4.7.0',
194 silly addNameRange     '3.15.1',
194 silly addNameRange     '4.7.1',
194 silly addNameRange     '3.15.2',
194 silly addNameRange     '4.7.2',
194 silly addNameRange     '4.7.3',
194 silly addNameRange     '3.15.3',
194 silly addNameRange     '4.7.4',
194 silly addNameRange     '3.16.0',
194 silly addNameRange     '4.8.0',
194 silly addNameRange     '3.16.1',
194 silly addNameRange     '4.8.1',
194 silly addNameRange     '3.16.2',
194 silly addNameRange     '4.8.2',
194 silly addNameRange     '3.16.3',
194 silly addNameRange     '3.16.4',
194 silly addNameRange     '4.8.3',
194 silly addNameRange     '3.16.5',
194 silly addNameRange     '3.16.6',
194 silly addNameRange     '4.8.4',
194 silly addNameRange     '3.16.7',
194 silly addNameRange     '4.8.5',
194 silly addNameRange     '3.16.8',
194 silly addNameRange     '4.8.6',
194 silly addNameRange     '3.16.9',
194 silly addNameRange     '4.8.7',
194 silly addNameRange     '3.16.10',
194 silly addNameRange     '4.8.8',
194 silly addNameRange     '3.17.0',
194 silly addNameRange     '3.17.1',
194 silly addNameRange     '4.9.0',
194 silly addNameRange     '3.17.2',
194 silly addNameRange     '4.9.1',
194 silly addNameRange     '4.9.2',
194 silly addNameRange     '3.17.3',
194 silly addNameRange     '4.9.3',
194 silly addNameRange     '3.17.4',
194 silly addNameRange     '4.9.4',
194 silly addNameRange     '3.17.5',
194 silly addNameRange     '4.9.5',
194 silly addNameRange     '3.17.6',
194 silly addNameRange     '3.17.7',
194 silly addNameRange     '4.9.6',
194 silly addNameRange     '4.9.7',
194 silly addNameRange     '3.17.8',
194 silly addNameRange     '4.9.8',
194 silly addNameRange     '3.18.0',
194 silly addNameRange     '3.18.1',
194 silly addNameRange     '4.10.0',
194 silly addNameRange     '3.18.2',
194 silly addNameRange     '4.10.1',
194 silly addNameRange     '5.0.0-alpha.1',
194 silly addNameRange     '3.18.3',
194 silly addNameRange     '4.10.2' ] ]
195 verbose addNamed express@4.10.2
196 silly addNamed semver.valid 4.10.2
197 silly addNamed semver.validRange 4.10.2
198 silly addNameRange number 2 { name: 'debug', range: '*', hasData: true }
199 silly addNameRange versions [ 'debug',
199 silly addNameRange   [ '0.0.1',
199 silly addNameRange     '0.1.0',
199 silly addNameRange     '0.2.0',
199 silly addNameRange     '0.3.0',
199 silly addNameRange     '0.4.0',
199 silly addNameRange     '0.4.1',
199 silly addNameRange     '0.5.0',
199 silly addNameRange     '0.6.0',
199 silly addNameRange     '0.7.0',
199 silly addNameRange     '0.7.1',
199 silly addNameRange     '0.7.2',
199 silly addNameRange     '0.7.3',
199 silly addNameRange     '0.7.4',
199 silly addNameRange     '0.8.0',
199 silly addNameRange     '0.8.1',
199 silly addNameRange     '1.0.0',
199 silly addNameRange     '1.0.1',
199 silly addNameRange     '1.0.2',
199 silly addNameRange     '1.0.3',
199 silly addNameRange     '1.0.4',
199 silly addNameRange     '2.0.0',
199 silly addNameRange     '2.1.0' ] ]
200 verbose addNamed debug@2.1.0
201 silly addNamed semver.valid 2.1.0
202 silly addNamed semver.validRange 2.1.0
203 silly cache afterAdd express@4.10.2
204 verbose afterAdd /Users/fadie/.npm/express/4.10.2/package/package.json not in flight; writing
205 silly cache afterAdd debug@2.1.0
206 verbose afterAdd /Users/fadie/.npm/debug/2.1.0/package/package.json not in flight; writing
207 silly addNameRange number 2 { name: 'sequelize-cli', range: '*', hasData: true }
208 silly addNameRange versions [ 'sequelize-cli',
208 silly addNameRange   [ '0.0.1',
208 silly addNameRange     '0.0.2',
208 silly addNameRange     '0.0.3',
208 silly addNameRange     '0.0.4',
208 silly addNameRange     '0.1.0',
208 silly addNameRange     '0.1.1',
208 silly addNameRange     '0.2.0',
208 silly addNameRange     '0.2.1',
208 silly addNameRange     '0.2.2',
208 silly addNameRange     '0.2.3',
208 silly addNameRange     '0.2.4',
208 silly addNameRange     '0.2.5',
208 silly addNameRange     '0.2.6',
208 silly addNameRange     '0.3.0',
208 silly addNameRange     '0.3.1',
208 silly addNameRange     '0.3.2',
208 silly addNameRange     '0.3.3' ] ]
209 verbose addNamed sequelize-cli@0.3.3
210 silly addNamed semver.valid 0.3.3
211 silly addNamed semver.validRange 0.3.3
212 verbose afterAdd /Users/fadie/.npm/express/4.10.2/package/package.json written
213 verbose afterAdd /Users/fadie/.npm/debug/2.1.0/package/package.json written
214 silly cache afterAdd sequelize-cli@0.3.3
215 verbose afterAdd /Users/fadie/.npm/sequelize-cli/0.3.3/package/package.json not in flight; writing
216 verbose afterAdd /Users/fadie/.npm/sequelize-cli/0.3.3/package/package.json written
217 http 304 https://registry.npmjs.org/zombie
218 silly get cb [ 304,
218 silly get   { date: 'Wed, 12 Nov 2014 20:34:49 GMT',
218 silly get     server: 'Apache',
218 silly get     via: '1.1 varnish',
218 silly get     'last-modified': 'Wed, 12 Nov 2014 20:34:50 GMT',
218 silly get     'cache-control': 'max-age=60',
218 silly get     etag: '"B2VOCF89NT750A25I17QX1Q8V"',
218 silly get     age: '0',
218 silly get     'x-served-by': 'cache-fra1243-FRA',
218 silly get     'x-cache': 'HIT',
218 silly get     'x-cache-hits': '1',
218 silly get     'x-timer': 'S1415824489.736060,VS0,VE433',
218 silly get     vary: 'Accept',
218 silly get     'content-length': '0',
218 silly get     'keep-alive': 'timeout=10, max=49',
218 silly get     connection: 'Keep-Alive' } ]
219 verbose etag https://registry.npmjs.org/zombie from cache
220 silly addNameRange number 2 { name: 'zombie', range: '>=2.1.1 <3.0.0', hasData: true }
221 silly addNameRange versions [ 'zombie',
221 silly addNameRange   [ '0.12.1',
221 silly addNameRange     '0.12.2',
221 silly addNameRange     '0.12.3',
221 silly addNameRange     '0.12.4',
221 silly addNameRange     '0.12.5',
221 silly addNameRange     '0.12.6',
221 silly addNameRange     '0.12.7',
221 silly addNameRange     '0.12.8',
221 silly addNameRange     '0.12.9',
221 silly addNameRange     '0.12.10',
221 silly addNameRange     '0.12.11',
221 silly addNameRange     '0.12.12',
221 silly addNameRange     '0.12.13',
221 silly addNameRange     '0.12.14',
221 silly addNameRange     '0.12.15',
221 silly addNameRange     '0.13.0',
221 silly addNameRange     '0.13.1',
221 silly addNameRange     '0.13.2',
221 silly addNameRange     '0.13.3',
221 silly addNameRange     '0.13.4',
221 silly addNameRange     '0.13.6',
221 silly addNameRange     '0.13.7',
221 silly addNameRange     '0.13.8',
221 silly addNameRange     '0.13.9',
221 silly addNameRange     '0.13.10',
221 silly addNameRange     '0.13.11',
221 silly addNameRange     '0.13.12',
221 silly addNameRange     '0.13.13',
221 silly addNameRange     '0.13.14',
221 silly addNameRange     '1.0.0',
221 silly addNameRange     '1.1.0',
221 silly addNameRange     '1.1.1',
221 silly addNameRange     '1.1.2',
221 silly addNameRange     '1.1.3',
221 silly addNameRange     '1.1.4',
221 silly addNameRange     '1.1.5',
221 silly addNameRange     '1.1.6',
221 silly addNameRange     '1.1.7',
221 silly addNameRange     '1.2.0',
221 silly addNameRange     '1.3.0',
221 silly addNameRange     '1.3.1',
221 silly addNameRange     '1.4.0',
221 silly addNameRange     '1.4.1',
221 silly addNameRange     '2.0.0-alpha1',
221 silly addNameRange     '2.0.0-alpha2',
221 silly addNameRange     '2.0.0-alpha3',
221 silly addNameRange     '2.0.0-alpha4',
221 silly addNameRange     '2.0.0-alpha5',
221 silly addNameRange     '2.0.0-alpha6',
221 silly addNameRange     '2.0.0-alpha7',
221 silly addNameRange     '2.0.0-alpha8',
221 silly addNameRange     '2.0.0-alpha9',
221 silly addNameRange     '2.0.0-alpha10',
221 silly addNameRange     '2.0.0-alpha11',
221 silly addNameRange     '2.0.0-alpha12',
221 silly addNameRange     '2.0.0-alpha13',
221 silly addNameRange     '2.0.0-alpha14',
221 silly addNameRange     '2.0.0-alpha15',
221 silly addNameRange     '2.0.0-alpha16',
221 silly addNameRange     '2.0.0-alpha17',
221 silly addNameRange     '2.0.0-alpha18',
221 silly addNameRange     '2.0.0-alpha19',
221 silly addNameRange     '2.0.0-alpha20',
221 silly addNameRange     '2.0.0-alpha21',
221 silly addNameRange     '2.0.0-alpha22',
221 silly addNameRange     '2.0.0-alpha23',
221 silly addNameRange     '2.0.0-alpha24',
221 silly addNameRange     '2.0.0-alpha25',
221 silly addNameRange     '2.0.0-alpha26',
221 silly addNameRange     '2.0.0-alpha27',
221 silly addNameRange     '2.0.0-alpha28',
221 silly addNameRange     '2.0.0-alpha29',
221 silly addNameRange     '2.0.0-alpha30',
221 silly addNameRange     '2.0.0-alpha31',
221 silly addNameRange     '2.0.0',
221 silly addNameRange     '2.0.1',
221 silly addNameRange     '2.0.2',
221 silly addNameRange     '2.0.3',
221 silly addNameRange     '2.0.4',
221 silly addNameRange     '2.0.5',
221 silly addNameRange     '2.0.6',
221 silly addNameRange     '2.0.7',
221 silly addNameRange     '2.0.8',
221 silly addNameRange     '2.1.0',
221 silly addNameRange     '2.1.1' ] ]
222 verbose addNamed zombie@2.1.1
223 silly addNamed semver.valid 2.1.1
224 silly addNamed semver.validRange 2.1.1
225 silly cache afterAdd zombie@2.1.1
226 verbose afterAdd /Users/fadie/.npm/zombie/2.1.1/package/package.json not in flight; writing
227 verbose afterAdd /Users/fadie/.npm/zombie/2.1.1/package/package.json written
228 http 304 https://registry.npmjs.org/sqlite3
229 silly get cb [ 304,
229 silly get   { date: 'Wed, 12 Nov 2014 20:34:49 GMT',
229 silly get     server: 'Apache',
229 silly get     via: '1.1 varnish',
229 silly get     'last-modified': 'Wed, 12 Nov 2014 20:34:50 GMT',
229 silly get     'cache-control': 'max-age=60',
229 silly get     etag: '"8AK3MIJV8C1530W7E5ADMM967"',
229 silly get     age: '0',
229 silly get     'x-served-by': 'cache-fra1237-FRA',
229 silly get     'x-cache': 'HIT',
229 silly get     'x-cache-hits': '1',
229 silly get     'x-timer': 'S1415824489.747213,VS0,VE776',
229 silly get     vary: 'Accept',
229 silly get     'content-length': '0',
229 silly get     'keep-alive': 'timeout=10, max=49',
229 silly get     connection: 'Keep-Alive' } ]
230 verbose etag https://registry.npmjs.org/sqlite3 from cache
231 silly addNameRange number 2 { name: 'sqlite3', range: '>=0.3.0 <0.4.0', hasData: true }
232 silly addNameRange versions [ 'sqlite3',
232 silly addNameRange   [ '2.0.0',
232 silly addNameRange     '2.0.1',
232 silly addNameRange     '2.0.2',
232 silly addNameRange     '2.0.3',
232 silly addNameRange     '2.0.4',
232 silly addNameRange     '2.0.5',
232 silly addNameRange     '2.0.6',
232 silly addNameRange     '2.0.7',
232 silly addNameRange     '2.0.8',
232 silly addNameRange     '2.0.9',
232 silly addNameRange     '2.0.10',
232 silly addNameRange     '2.0.11',
232 silly addNameRange     '2.0.12',
232 silly addNameRange     '2.0.13',
232 silly addNameRange     '2.0.14',
232 silly addNameRange     '2.0.15',
232 silly addNameRange     '2.0.16',
232 silly addNameRange     '2.0.17',
232 silly addNameRange     '2.0.18',
232 silly addNameRange     '2.1.0',
232 silly addNameRange     '2.1.1',
232 silly addNameRange     '2.1.2',
232 silly addNameRange     '2.1.3',
232 silly addNameRange     '2.1.4',
232 silly addNameRange     '2.1.5',
232 silly addNameRange     '2.1.7',
232 silly addNameRange     '2.1.8',
232 silly addNameRange     '2.1.9',
232 silly addNameRange     '2.1.10',
232 silly addNameRange     '2.1.11',
232 silly addNameRange     '2.1.12',
232 silly addNameRange     '2.1.13',
232 silly addNameRange     '2.1.14',
232 silly addNameRange     '2.1.15',
232 silly addNameRange     '2.1.16',
232 silly addNameRange     '2.1.17',
232 silly addNameRange     '2.1.18',
232 silly addNameRange     '2.1.19',
232 silly addNameRange     '2.2.0',
232 silly addNameRange     '2.2.1',
232 silly addNameRange     '2.2.2',
232 silly addNameRange     '2.2.3',
232 silly addNameRange     '2.2.4',
232 silly addNameRange     '2.2.6',
232 silly addNameRange     '2.2.7',
232 silly addNameRange     '3.0.0',
232 silly addNameRange     '3.0.1',
232 silly addNameRange     '3.0.2' ] ]
233 verbose stack Error: No compatible version found: sqlite3@'>=0.3.0 <0.4.0'
233 verbose stack Valid install targets:
233 verbose stack ["2.0.0","2.0.1","2.0.2","2.0.3","2.0.4","2.0.5","2.0.6","2.0.7","2.0.8","2.0.9","2.0.10","2.0.11","2.0.12","2.0.13","2.0.14","2.0.15","2.0.16","2.0.17","2.0.18","2.1.0","2.1.1","2.1.2","2.1.3","2.1.4","2.1.5","2.1.7","2.1.8","2.1.9","2.1.10","2.1.11","2.1.12","2.1.13","2.1.14","2.1.15","2.1.16","2.1.17","2.1.18","2.1.19","2.2.0","2.2.1","2.2.2","2.2.3","2.2.4","2.2.6","2.2.7","3.0.0","3.0.1","3.0.2"]
233 verbose stack
233 verbose stack     at installTargetsError (/usr/local/lib/node_modules/npm/lib/cache/add-named.js:259:12)
233 verbose stack     at next (/usr/local/lib/node_modules/npm/lib/cache/add-named.js:238:17)
233 verbose stack     at setData (/usr/local/lib/node_modules/npm/lib/cache/add-named.js:215:5)
233 verbose stack     at RES (/usr/local/lib/node_modules/npm/node_modules/inflight/inflight.js:23:14)
233 verbose stack     at f (/usr/local/lib/node_modules/npm/node_modules/once/once.js:17:25)
233 verbose stack     at saved (/usr/local/lib/node_modules/npm/lib/cache/caching-client.js:163:7)
233 verbose stack     at Object.oncomplete (fs.js:107:15)
234 verbose cwd /Users/fadie/Desktop/Projects/Makathon-SLICKSTARTER
235 error Darwin 13.3.0
236 error argv "node" "/usr/local/bin/npm" "install"
237 error node v0.10.31
238 error npm  v2.1.7
239 error code ETARGET
240 error notarget No compatible version found: sqlite3@'>=0.3.0 <0.4.0'
240 error notarget Valid install targets:
240 error notarget ["2.0.0","2.0.1","2.0.2","2.0.3","2.0.4","2.0.5","2.0.6","2.0.7","2.0.8","2.0.9","2.0.10","2.0.11","2.0.12","2.0.13","2.0.14","2.0.15","2.0.16","2.0.17","2.0.18","2.1.0","2.1.1","2.1.2","2.1.3","2.1.4","2.1.5","2.1.7","2.1.8","2.1.9","2.1.10","2.1.11","2.1.12","2.1.13","2.1.14","2.1.15","2.1.16","2.1.17","2.1.18","2.1.19","2.2.0","2.2.1","2.2.2","2.2.3","2.2.4","2.2.6","2.2.7","3.0.0","3.0.1","3.0.2"]
240 error notarget
240 error notarget This is most likely not a problem with npm itself.
240 error notarget In most cases you or one of your dependencies are requesting
240 error notarget a package version that doesn't exist.
241 verbose exit [ 1, true ]
